<?xml version="1.0" encoding="UTF-8"?>
<!-- Generated by org.testng.reporters.JUnitReportReporter -->
<testsuite hostname="chethan" failures="0" tests="1" name="CrudWithBdd.CreateProjectTest" time="5.132" errors="0" timestamp="2022-07-27T11:27:17 IST" skipped="0">
  <testcase classname="CrudWithBdd.CreateProjectTest" name="createProjectTest" time="5.132"/>
  <system-out/>
</testsuite> <!-- CrudWithBdd.CreateProjectTest -->
