<?xml version="1.0" encoding="UTF-8"?>
<!-- Generated by org.testng.reporters.JUnitReportReporter -->
<testsuite hostname="chethan" failures="0" tests="1" name="ResponseValidation.DynamicResponseValidation" time="4.864" errors="0" timestamp="08 Jul 2022 09:22:25 GMT" skipped="0">
  <testcase classname="ResponseValidation.DynamicResponseValidation" name="dynamicResponse" time="4.864"/>
</testsuite> <!-- ResponseValidation.DynamicResponseValidation -->
