<?xml version="1.0" encoding="UTF-8"?>
<!-- Generated by org.testng.reporters.JUnitReportReporter -->
<testsuite hostname="chethan" failures="0" tests="5" name="ProjectWithDifferentSetOfData.CreateProjectWithDifferentSetOfData" time="5.506" errors="0" timestamp="2022-07-30T19:34:12 IST" skipped="0">
  <testcase classname="ProjectWithDifferentSetOfData.CreateProjectWithDifferentSetOfData" name="createProjectWithDifferentData" time="0.100"/>
  <system-out/>
  <testcase classname="ProjectWithDifferentSetOfData.CreateProjectWithDifferentSetOfData" name="createProjectWithDifferentData" time="0.182"/>
  <system-out/>
  <testcase classname="ProjectWithDifferentSetOfData.CreateProjectWithDifferentSetOfData" name="createProjectWithDifferentData" time="0.129"/>
  <system-out/>
  <testcase classname="ProjectWithDifferentSetOfData.CreateProjectWithDifferentSetOfData" name="createProjectWithDifferentData" time="4.986"/>
  <system-out/>
  <testcase classname="ProjectWithDifferentSetOfData.CreateProjectWithDifferentSetOfData" name="createProjectWithDifferentData" time="0.109"/>
  <system-out/>
</testsuite> <!-- ProjectWithDifferentSetOfData.CreateProjectWithDifferentSetOfData -->
