<?xml version="1.0" encoding="UTF-8"?>
<!-- Generated by org.testng.reporters.JUnitReportReporter -->
<testsuite hostname="chethan" failures="0" tests="1" name="ResponseValidation.GetAllProject" time="5.556" errors="0" timestamp="10 Jul 2022 17:04:47 GMT" skipped="0">
  <testcase classname="ResponseValidation.GetAllProject" name="getAllProject" time="5.556"/>
</testsuite> <!-- ResponseValidation.GetAllProject -->
