<?xml version="1.0" encoding="UTF-8"?>
<!-- Generated by org.testng.reporters.JUnitReportReporter -->
<testsuite hostname="chethan" failures="0" tests="1" name="Parameters.PathParameter" time="4.206" errors="0" timestamp="08 Jul 2022 11:28:34 GMT" skipped="0">
  <testcase classname="Parameters.PathParameter" name="pathParameterTest" time="4.206"/>
</testsuite> <!-- Parameters.PathParameter -->
