<?xml version="1.0" encoding="UTF-8"?>
<!-- Generated by org.testng.reporters.JUnitReportReporter -->
<testsuite hostname="chethan" failures="0" tests="1" name="CrudWithBdd.DeleteProjectTest" time="4.396" errors="0" timestamp="2022-07-27T11:32:06 IST" skipped="0">
  <testcase classname="CrudWithBdd.DeleteProjectTest" name="deleteProject" time="4.396"/>
  <system-out/>
</testsuite> <!-- CrudWithBdd.DeleteProjectTest -->
