<?xml version="1.0" encoding="UTF-8"?>
<!-- Generated by org.testng.reporters.JUnitReportReporter -->
<testsuite hostname="chethan" failures="0" tests="1" name="CrudWithBdd.GetSingleProjectTest" time="3.322" errors="0" timestamp="2022-07-27T12:30:35 IST" skipped="0">
  <testcase classname="CrudWithBdd.GetSingleProjectTest" name="getSingleProject" time="3.322"/>
  <system-out/>
</testsuite> <!-- CrudWithBdd.GetSingleProjectTest -->
