<?xml version="1.0" encoding="UTF-8"?>
<!-- Generated by org.testng.reporters.JUnitReportReporter -->
<testsuite hostname="chethan" failures="0" tests="1" name="CrudWithBdd.UpdateProject" time="6.066" errors="0" timestamp="2022-07-27T15:01:50 IST" skipped="0">
  <testcase classname="CrudWithBdd.UpdateProject" name="updateProject" time="6.066"/>
  <system-out/>
</testsuite> <!-- CrudWithBdd.UpdateProject -->
