<?xml version="1.0" encoding="UTF-8"?>
<!-- Generated by org.testng.reporters.JUnitReportReporter -->
<testsuite hostname="chethan" failures="0" tests="1" name="Parameters.QueryParameter" time="5.180" errors="0" timestamp="08 Jul 2022 11:22:42 GMT" skipped="0">
  <testcase classname="Parameters.QueryParameter" name="queryP" time="5.180"/>
</testsuite> <!-- Parameters.QueryParameter -->
