<?xml version="1.0" encoding="UTF-8"?>
<!-- Generated by org.testng.reporters.JUnitReportReporter -->
<testsuite hostname="chethan" failures="0" tests="1" name="ResponseValidation.ResponseTimeValidation" time="4.213" errors="0" timestamp="08 Jul 2022 10:27:19 GMT" skipped="0">
  <testcase classname="ResponseValidation.ResponseTimeValidation" name="responseTimeValidation" time="4.213"/>
</testsuite> <!-- ResponseValidation.ResponseTimeValidation -->
