<?xml version="1.0" encoding="UTF-8"?>
<!-- Generated by org.testng.reporters.JUnitReportReporter -->
<testsuite hostname="chethan" failures="0" tests="1" name="Authentications.Oauth2Test" time="4.733" errors="0" timestamp="2022-07-11T15:12:25 IST" skipped="0">
  <testcase classname="Authentications.Oauth2Test" name="Oauth2Test" time="4.733"/>
  <system-out/>
</testsuite> <!-- Authentications.Oauth2Test -->
