<?xml version="1.0" encoding="UTF-8"?>
<!-- Generated by org.testng.reporters.JUnitReportReporter -->
<testsuite hostname="chethan" failures="0" tests="1" name="CrudWithBdd.GetProject" time="3.469" errors="0" timestamp="2022-07-27T12:26:46 IST" skipped="0">
  <testcase classname="CrudWithBdd.GetProject" name="getProject" time="3.469"/>
  <system-out/>
</testsuite> <!-- CrudWithBdd.GetProject -->
